\BOOKMARK [0][-]{chapter*.1}{\376\377\000A\000b\000s\000t\000r\000a\000c\000t}{}% 1
\BOOKMARK [0][-]{chapter*.2}{\376\377\000A\000c\000k\000n\000o\000w\000l\000e\000d\000g\000m\000e\000n\000t}{}% 2
\BOOKMARK [0][-]{chapter*.4}{\376\377\000L\000i\000s\000t\000\040\000o\000f\000\040\000F\000i\000g\000u\000r\000e\000s}{}% 3
\BOOKMARK [0][-]{chapter.1}{\376\377\000I\000n\000t\000r\000o\000d\000u\000c\000t\000i\000o\000n}{}% 4
\BOOKMARK [1][-]{section.1.1}{\376\377\000B\000a\000c\000k\000g\000r\000o\000u\000n\000d}{chapter.1}% 5
\BOOKMARK [1][-]{section.1.2}{\376\377\000P\000r\000o\000b\000l\000e\000m\000\040\000D\000e\000f\000i\000n\000i\000t\000i\000o\000n}{chapter.1}% 6
\BOOKMARK [1][-]{section.1.3}{\376\377\000O\000b\000j\000e\000c\000t\000i\000v\000e\000s}{chapter.1}% 7
\BOOKMARK [1][-]{section.1.4}{\376\377\000P\000r\000o\000j\000e\000c\000t\000\040\000F\000e\000a\000t\000u\000r\000e\000s}{chapter.1}% 8
\BOOKMARK [1][-]{section.1.5}{\376\377\000P\000r\000o\000j\000e\000c\000t\000\040\000A\000p\000p\000l\000i\000c\000a\000t\000i\000o\000n}{chapter.1}% 9
\BOOKMARK [1][-]{section.1.6}{\376\377\000S\000y\000s\000t\000e\000m\000\040\000R\000e\000q\000u\000i\000r\000e\000m\000e\000n\000t}{chapter.1}% 10
\BOOKMARK [2][-]{subsection.1.6.1}{\376\377\000S\000o\000f\000t\000w\000a\000r\000e\000\040\000R\000e\000q\000u\000i\000r\000e\000m\000e\000n\000t\000s}{section.1.6}% 11
\BOOKMARK [2][-]{subsection.1.6.2}{\376\377\000H\000a\000r\000d\000w\000a\000r\000e\000\040\000R\000e\000q\000u\000i\000r\000e\000m\000e\000n\000t\000s}{section.1.6}% 12
\BOOKMARK [1][-]{section.1.7}{\376\377\000P\000r\000o\000j\000e\000c\000t\000\040\000F\000e\000a\000s\000i\000b\000i\000l\000i\000t\000y}{chapter.1}% 13
\BOOKMARK [2][-]{subsection.1.7.1}{\376\377\000T\000e\000c\000h\000n\000i\000c\000a\000l\000\040\000F\000e\000a\000s\000i\000b\000i\000l\000i\000t\000y}{section.1.7}% 14
\BOOKMARK [2][-]{subsection.1.7.2}{\376\377\000O\000p\000e\000r\000a\000t\000i\000o\000n\000a\000l\000\040\000F\000e\000a\000s\000i\000b\000i\000l\000i\000t\000y}{section.1.7}% 15
\BOOKMARK [2][-]{subsection.1.7.3}{\376\377\000E\000c\000o\000n\000o\000m\000i\000c\000\040\000F\000e\000a\000s\000i\000b\000i\000l\000i\000t\000y}{section.1.7}% 16
\BOOKMARK [2][-]{subsection.1.7.4}{\376\377\000S\000c\000h\000e\000d\000u\000l\000e\000\040\000F\000e\000a\000s\000i\000b\000i\000l\000i\000t\000y}{section.1.7}% 17
\BOOKMARK [0][-]{chapter.2}{\376\377\000L\000i\000t\000e\000r\000a\000t\000u\000r\000e\000\040\000R\000e\000v\000i\000e\000w}{}% 18
\BOOKMARK [1][-]{section.2.1}{\376\377\000R\000e\000l\000a\000t\000e\000d\000\040\000P\000a\000p\000e\000r\000s}{chapter.2}% 19
\BOOKMARK [1][-]{section.2.2}{\376\377\000R\000e\000l\000a\000t\000e\000d\000\040\000W\000o\000r\000k\000s}{chapter.2}% 20
\BOOKMARK [0][-]{chapter.3}{\376\377\000M\000e\000t\000h\000o\000d\000o\000l\000o\000g\000y}{}% 21
\BOOKMARK [1][-]{section.3.1}{\376\377\000W\000o\000r\000k\000i\000n\000g\000M\000e\000c\000h\000a\000n\000i\000s\000m}{chapter.3}% 22
\BOOKMARK [2][-]{subsection.3.1.1}{\376\377\000N\000e\000u\000r\000a\000l\000\040\000N\000e\000t\000w\000o\000r\000k}{section.3.1}% 23
\BOOKMARK [1][-]{section.3.2}{\376\377\000S\000y\000s\000t\000e\000m\000\040\000D\000i\000a\000g\000r\000a\000m}{chapter.3}% 24
\BOOKMARK [2][-]{subsection.3.2.1}{\376\377\000U\000s\000e\000\040\000c\000a\000s\000e\000\040\000d\000i\000a\000g\000r\000a\000m}{section.3.2}% 25
\BOOKMARK [2][-]{subsection.3.2.2}{\376\377\000D\000F\000D\000\040\000l\000e\000v\000e\000l\000\040\000d\000i\000a\000g\000r\000a\000m}{section.3.2}% 26
\BOOKMARK [2][-]{subsection.3.2.3}{\376\377\000S\000o\000f\000t\000w\000a\000r\000e\000\040\000D\000e\000v\000e\000l\000o\000p\000m\000e\000n\000t\000\040\000M\000o\000d\000e\000l}{section.3.2}% 27
\BOOKMARK [0][-]{chapter.4}{\376\377\000E\000p\000i\000l\000o\000g\000u\000e}{}% 28
\BOOKMARK [1][-]{section.4.1}{\376\377\000E\000x\000p\000e\000c\000t\000e\000d\000\040\000O\000u\000t\000p\000u\000t}{chapter.4}% 29
\BOOKMARK [1][-]{section.4.2}{\376\377\000W\000o\000r\000k\000\040\000P\000r\000o\000g\000r\000e\000s\000s\000\040\000a\000n\000d\000\040\000R\000e\000m\000a\000i\000n\000i\000n\000g}{chapter.4}% 30
\BOOKMARK [2][-]{subsection.4.2.1}{\376\377\000W\000o\000r\000k\000\040\000C\000o\000m\000p\000l\000e\000t\000e\000d}{section.4.2}% 31
\BOOKMARK [2][-]{subsection.4.2.2}{\376\377\000W\000o\000r\000k\000\040\000R\000e\000m\000a\000i\000n\000i\000n\000g}{section.4.2}% 32
\BOOKMARK [0][-]{chapter*.11}{\376\377\000R\000e\000f\000e\000r\000e\000n\000c\000e\000s}{}% 33
