This is pdfTeX, Version 3.141592653-2.6-1.40.24 (MiKTeX 22.10) (preloaded format=pdflatex 2023.3.22)  26 APR 2023 18:30
entering extended mode
 restricted \write18 enabled.
 %&-line parsing enabled.
**./kec.tex
(kec.tex
LaTeX2e <2022-06-01> patch level 5
L3 programming layer <2022-09-28>

LaTeX Warning: \include should only be used after \begin{document} on input lin
e 1.

(KECReportFormat.tex (C:\Mitex\tex/latex/base\report.cls
Document Class: report 2021/10/04 v1.4n Standard LaTeX document class
(C:\Mitex\tex/latex/base\size12.clo
File: size12.clo 2021/10/04 v1.4n Standard LaTeX file (size option)
)
\c@part=\count185
\c@chapter=\count186
\c@section=\count187
\c@subsection=\count188
\c@subsubsection=\count189
\c@paragraph=\count190
\c@subparagraph=\count191
\c@figure=\count192
\c@table=\count193
\abovecaptionskip=\skip47
\belowcaptionskip=\skip48
\bibindent=\dimen138
) (C:\Mitex\tex/latex/geometry\geometry.sty
Package: geometry 2020/01/02 v5.9 Page Geometry
(C:\Mitex\tex/latex/graphics\keyval.sty
Package: keyval 2022/05/29 v1.15 key=value parser (DPC)
\KV@toks@=\toks16
) (C:\Mitex\tex/generic/iftex\ifvtex.sty
Package: ifvtex 2019/10/25 v1.7 ifvtex legacy package. Use iftex instead.
(C:\Mitex\tex/generic/iftex\iftex.sty
Package: iftex 2022/02/03 v1.0f TeX engine tests
))
\Gm@cnth=\count194
\Gm@cntv=\count195
\c@Gm@tempcnt=\count196
\Gm@bindingoffset=\dimen139
\Gm@wd@mp=\dimen140
\Gm@odd@mp=\dimen141
\Gm@even@mp=\dimen142
\Gm@layoutwidth=\dimen143
\Gm@layoutheight=\dimen144
\Gm@layouthoffset=\dimen145
\Gm@layoutvoffset=\dimen146
\Gm@dimlist=\toks17

(C:\Mitex\tex/latex/geometry\geometry.cfg))
(C:\Mitex\tex/latex/amsfonts\amsfonts.sty
Package: amsfonts 2013/01/14 v3.01 Basic AMSFonts support
\@emptytoks=\toks18
\symAMSa=\mathgroup4
\symAMSb=\mathgroup5
LaTeX Font Info:    Redeclaring math symbol \hbar on input line 98.
LaTeX Font Info:    Overwriting math alphabet `\mathfrak' in version `bold'
(Font)                  U/euf/m/n --> U/euf/b/n on input line 106.
)
(C:\Mitex\tex/latex/amsmath\amsmath.sty
Package: amsmath 2022/04/08 v2.17n AMS math features
\@mathmargin=\skip49

For additional information on amsmath, use the `?' option.
(C:\Mitex\tex/latex/amsmath\amstext.sty
Package: amstext 2021/08/26 v2.01 AMS text
 (C:\Mitex\tex/latex/amsmath\amsgen.sty
File: amsgen.sty 1999/11/30 v2.0 generic functions
\@emptytoks=\toks19
\ex@=\dimen147
)) (C:\Mitex\tex/latex/amsmath\amsbsy.sty
Package: amsbsy 1999/11/29 v1.2d Bold Symbols
\pmbraise@=\dimen148
)
(C:\Mitex\tex/latex/amsmath\amsopn.sty
Package: amsopn 2022/04/08 v2.04 operator names
)
\inf@bad=\count197
LaTeX Info: Redefining \frac on input line 234.
\uproot@=\count198
\leftroot@=\count199
LaTeX Info: Redefining \overline on input line 399.
LaTeX Info: Redefining \colon on input line 410.
\classnum@=\count266
\DOTSCASE@=\count267
LaTeX Info: Redefining \ldots on input line 496.
LaTeX Info: Redefining \dots on input line 499.
LaTeX Info: Redefining \cdots on input line 620.
\Mathstrutbox@=\box51
\strutbox@=\box52
LaTeX Info: Redefining \big on input line 722.
LaTeX Info: Redefining \Big on input line 723.
LaTeX Info: Redefining \bigg on input line 724.
LaTeX Info: Redefining \Bigg on input line 725.
\big@size=\dimen149
LaTeX Font Info:    Redeclaring font encoding OML on input line 743.
LaTeX Font Info:    Redeclaring font encoding OMS on input line 744.
\macc@depth=\count268
LaTeX Info: Redefining \bmod on input line 905.
LaTeX Info: Redefining \pmod on input line 910.
LaTeX Info: Redefining \smash on input line 940.
LaTeX Info: Redefining \relbar on input line 970.
LaTeX Info: Redefining \Relbar on input line 971.
\c@MaxMatrixCols=\count269
\dotsspace@=\muskip16
\c@parentequation=\count270
\dspbrk@lvl=\count271
\tag@help=\toks20
\row@=\count272
\column@=\count273
\maxfields@=\count274
\andhelp@=\toks21
\eqnshift@=\dimen150
\alignsep@=\dimen151
\tagshift@=\dimen152
\tagwidth@=\dimen153
\totwidth@=\dimen154
\lineht@=\dimen155
\@envbody=\toks22
\multlinegap=\skip50
\multlinetaggap=\skip51
\mathdisplay@stack=\toks23
LaTeX Info: Redefining \[ on input line 2953.
LaTeX Info: Redefining \] on input line 2954.
)
(C:\Mitex\tex/latex/amsfonts\amssymb.sty
Package: amssymb 2013/01/14 v3.01 AMS font symbols
)
(C:\Mitex\tex/latex/graphics\graphicx.sty
Package: graphicx 2021/09/16 v1.2d Enhanced LaTeX Graphics (DPC,SPQR)

(C:\Mitex\tex/latex/graphics\graphics.sty
Package: graphics 2022/03/10 v1.4e Standard LaTeX Graphics (DPC,SPQR)
 (C:\Mitex\tex/latex/graphics\trig.sty
Package: trig 2021/08/11 v1.11 sin cos tan (DPC)
) (C:\Mitex\tex/latex/graphics-cfg\graphics.cfg
File: graphics.cfg 2016/06/04 v1.11 sample graphics configuration
)
Package graphics Info: Driver file: pdftex.def on input line 107.

(C:\Mitex\tex/latex/graphics-def\pdftex.def
File: pdftex.def 2022/09/22 v1.2b Graphics/color driver for pdftex
\stockwidth=\dimen156
\stockheight=\dimen157
))
\Gin@req@height=\dimen158
\Gin@req@width=\dimen159
)
(C:\Mitex\tex/latex/psnfss\times.sty
Package: times 2020/03/25 PSNFSS-v9.3 (SPQR) 
) (C:\Mitex\tex/latex/float\float.sty
Package: float 2001/11/08 v1.3d Float enhancements (AL)
\c@float@type=\count275
\float@exts=\toks24
\float@box=\box53
\@float@everytoks=\toks25
\@floatcapt=\box54
)
(C:\Mitex\tex/latex/caption\caption.sty
Package: caption 2023/03/12 v3.6j Customizing captions (AR)

(C:\Mitex\tex/latex/caption\caption3.sty
Package: caption3 2023/03/12 v2.4 caption3 kernel (AR)
\caption@tempdima=\dimen160
\captionmargin=\dimen161
\caption@leftmargin=\dimen162
\caption@rightmargin=\dimen163
\caption@width=\dimen164
\caption@indent=\dimen165
\caption@parindent=\dimen166
\caption@hangindent=\dimen167
Package caption Info: Standard document class detected.
)
\c@caption@flags=\count276
\c@continuedfloat=\count277
Package caption Info: float package is loaded.
)
(C:\Mitex\tex/latex/hyperref\hyperref.sty
Package: hyperref 2022-09-22 v7.00t Hypertext links for LaTeX

(C:\Mitex\tex/generic/ltxcmds\ltxcmds.sty
Package: ltxcmds 2020-05-10 v1.25 LaTeX kernel commands for general use (HO)
)
(C:\Mitex\tex/generic/pdftexcmds\pdftexcmds.sty
Package: pdftexcmds 2020-06-27 v0.33 Utility functions of pdfTeX for LuaTeX (HO
)

(C:\Mitex\tex/generic/infwarerr\infwarerr.sty
Package: infwarerr 2019/12/03 v1.5 Providing info/warning/error messages (HO)
)
Package pdftexcmds Info: \pdf@primitive is available.
Package pdftexcmds Info: \pdf@ifprimitive is available.
Package pdftexcmds Info: \pdfdraftmode found.
)
(C:\Mitex\tex/latex/kvsetkeys\kvsetkeys.sty
Package: kvsetkeys 2022-10-05 v1.19 Key value parser (HO)
)
(C:\Mitex\tex/generic/kvdefinekeys\kvdefinekeys.sty
Package: kvdefinekeys 2019-12-19 v1.6 Define keys (HO)
)
(C:\Mitex\tex/generic/pdfescape\pdfescape.sty
Package: pdfescape 2019/12/09 v1.15 Implements pdfTeX's escape features (HO)
)
(C:\Mitex\tex/latex/hycolor\hycolor.sty
Package: hycolor 2020-01-27 v1.10 Color options for hyperref/bookmark (HO)
)
(C:\Mitex\tex/latex/letltxmacro\letltxmacro.sty
Package: letltxmacro 2019/12/03 v1.6 Let assignment for LaTeX macros (HO)
)
(C:\Mitex\tex/latex/auxhook\auxhook.sty
Package: auxhook 2019-12-17 v1.6 Hooks for auxiliary files (HO)
)
(C:\Mitex\tex/latex/hyperref\nameref.sty
Package: nameref 2022-05-17 v2.50 Cross-referencing by name of section

(C:\Mitex\tex/latex/refcount\refcount.sty
Package: refcount 2019/12/15 v3.6 Data extraction from label references (HO)
)
(C:\Mitex\tex/generic/gettitlestring\gettitlestring.sty
Package: gettitlestring 2019/12/15 v1.6 Cleanup title references (HO)

(C:\Mitex\tex/latex/kvoptions\kvoptions.sty
Package: kvoptions 2022-06-15 v3.15 Key value format for package options (HO)
))
\c@section@level=\count278
)
\@linkdim=\dimen168
\Hy@linkcounter=\count279
\Hy@pagecounter=\count280

(C:\Mitex\tex/latex/hyperref\pd1enc.def
File: pd1enc.def 2022-09-22 v7.00t Hyperref: PDFDocEncoding definition (HO)
Now handling font encoding PD1 ...
... no UTF-8 mapping file for font encoding PD1
)
(C:\Mitex\tex/generic/intcalc\intcalc.sty
Package: intcalc 2019/12/15 v1.3 Expandable calculations with integers (HO)
)
(C:\Mitex\tex/generic/etexcmds\etexcmds.sty
Package: etexcmds 2019/12/15 v1.7 Avoid name clashes with e-TeX commands (HO)
)
\Hy@SavedSpaceFactor=\count281

(C:\Mitex\tex/latex/hyperref\puenc.def
File: puenc.def 2022-09-22 v7.00t Hyperref: PDF Unicode definition (HO)
Now handling font encoding PU ...
... no UTF-8 mapping file for font encoding PU
)
Package hyperref Info: Hyper figures OFF on input line 4162.
Package hyperref Info: Link nesting OFF on input line 4167.
Package hyperref Info: Hyper index ON on input line 4170.
Package hyperref Info: Plain pages OFF on input line 4177.
Package hyperref Info: Backreferencing OFF on input line 4182.
Package hyperref Info: Implicit mode ON; LaTeX internals redefined.
Package hyperref Info: Bookmarks ON on input line 4410.
\c@Hy@tempcnt=\count282
 (C:\Mitex\tex/latex/url\url.sty
\Urlmuskip=\muskip17
Package: url 2013/09/16  ver 3.4  Verb mode for urls, etc.
)
LaTeX Info: Redefining \url on input line 4748.
\XeTeXLinkMargin=\dimen169

(C:\Mitex\tex/generic/bitset\bitset.sty
Package: bitset 2019/12/09 v1.3 Handle bit-vector datatype (HO)

(C:\Mitex\tex/generic/bigintcalc\bigintcalc.sty
Package: bigintcalc 2019/12/15 v1.5 Expandable calculations on big integers (HO
)
))
\Fld@menulength=\count283
\Field@Width=\dimen170
\Fld@charsize=\dimen171
Package hyperref Info: Hyper figures OFF on input line 6027.
Package hyperref Info: Link nesting OFF on input line 6032.
Package hyperref Info: Hyper index ON on input line 6035.
Package hyperref Info: backreferencing OFF on input line 6042.
Package hyperref Info: Link coloring OFF on input line 6047.
Package hyperref Info: Link coloring with OCG OFF on input line 6052.
Package hyperref Info: PDF/A mode OFF on input line 6057.

(C:\Mitex\tex/latex/base\atbegshi-ltx.sty
Package: atbegshi-ltx 2021/01/10 v1.0c Emulation of the original atbegshi
package with kernel methods
)
\Hy@abspage=\count284
\c@Item=\count285
\c@Hfootnote=\count286
)
Package hyperref Info: Driver (autodetected): hpdftex.

(C:\Mitex\tex/latex/hyperref\hpdftex.def
File: hpdftex.def 2022-09-22 v7.00t Hyperref driver for pdfTeX

(C:\Mitex\tex/latex/base\atveryend-ltx.sty
Package: atveryend-ltx 2020/08/19 v1.0a Emulation of the original atveryend pac
kage
with kernel methods
)
\Fld@listcount=\count287
\c@bookmark@seq@number=\count288

(C:\Mitex\tex/latex/rerunfilecheck\rerunfilecheck.sty
Package: rerunfilecheck 2022-07-10 v1.10 Rerun checks for auxiliary files (HO)

(C:\Mitex\tex/generic/uniquecounter\uniquecounter.sty
Package: uniquecounter 2019/12/15 v1.4 Provide unlimited unique counter (HO)
)
Package uniquecounter Info: New unique counter `rerunfilecheck' on input line 2
85.
)
\Hy@SectionHShift=\skip52
)
(C:\Mitex\tex/latex/setspace\setspace.sty
Package: setspace 2022/12/04 v6.7b set line spacing
) (C:\Mitex\tex/latex/acro\acro.sty
(C:\Mitex\tex/latex/l3packages/l3keys2e\l3keys2e.sty
(C:\Mitex\tex/latex/l3kernel\expl3.sty
Package: expl3 2022-09-28 L3 programming layer (loader) 

(C:\Mitex\tex/latex/l3backend\l3backend-pdftex.def
File: l3backend-pdftex.def 2022-09-28 L3 backend support: PDF output (pdfTeX)
\l__color_backend_stack_int=\count289
\l__pdf_internal_box=\box55
))
Package: l3keys2e 2022-06-22 LaTeX2e option processing using LaTeX3 keys
)
Package: acro 2022/04/01 v3.8 typeset acronyms and other abbreviations (CN)
\l__acro_tmpa_int=\count290
\l__acro_tmpb_int=\count291
\l__acro_tmpc_int=\count292
\l__acro_tmpd_int=\count293
Loading module `base' ...
Loading module `interface' ...
Loading module `aux' ...
Loading module `properties' ...
Loading module `acronyms' ...
Loading module `formatting' ...
Loading module `ppfixes' ...
Loading module `tools' ...
\l__acro_minimal_usage_int=\count294
\l__acro_nest_int=\count295
\g_acro_barrier_int=\count296
\g_acro_barrier_total_int=\count297
Loading module `commands' ...
\l_acro_nest_level_int=\count298
Loading module `templates' ...
Loading module `list' ...
Loading module `pages' ...
\l__acro_pages_seq_threshold_int=\count299
Loading module `locale' ...

(C:\Mitex\tex/latex/translations\translations.sty
Package: translations 2022/02/05 v1.12 internationalization of LaTeX2e packages
 (CN)

(C:\Mitex\tex/latex/etoolbox\etoolbox.sty
Package: etoolbox 2020/10/05 v2.5k e-TeX tools for LaTeX (JAW)
\etb@tempcnta=\count300
))
Loading module `pdfsupport' ...
Loading module `patch' ...
Loading module `definitions' ...
Loading module `upgrade' ...
)
(C:\Mitex\tex/latex/multirow\bigstrut.sty
Package: bigstrut 2021/03/15 v2.8 Provide larger struts in tabulars
\bigstrutjot=\dimen172
)
(C:\Mitex\tex/latex/multirow\multirow.sty
Package: multirow 2021/03/15 v2.8 Span multiple rows of a table
\multirow@colwidth=\skip53
\multirow@cntb=\count301
\multirow@dima=\skip54
)
(C:\Mitex\tex/latex/titlesec\titlesec.sty
Package: titlesec 2021/07/05 v2.14 Sectioning titles
\ttl@box=\box56
\beforetitleunit=\skip55
\aftertitleunit=\skip56
\ttl@plus=\dimen173
\ttl@minus=\dimen174
\ttl@toksa=\toks26
\titlewidth=\dimen175
\titlewidthlast=\dimen176
\titlewidthfirst=\dimen177
)
(C:\Mitex\tex/latex/enumitem\enumitem.sty
Package: enumitem 2019/06/20 v3.9 Customized lists
\labelindent=\skip57
\enit@outerparindent=\dimen178
\enit@toks=\toks27
\enit@inbox=\box57
\enit@count@id=\count302
\enitdp@description=\count303
))
\c@g@acro@OCR@int=\count304
\c@g@acro@LPR@int=\count305
\c@g@acro@KNN@int=\count306
\c@g@acro@TTS@int=\count307
\c@g@acro@CNN@int=\count308
\c@g@acro@YOLO@int=\count309
\c@g@acro@LP@int=\count310
\c@g@acro@GPU@int=\count311
\c@g@acro@ANPR@int=\count312
\c@g@acro@API@int=\count313
\c@g@acro@BERT@int=\count314
\c@g@acro@IAST@int=\count315
\c@g@acro@UML@int=\count316
\c@g@acro@ITRANS@int=\count317
\c@g@acro@transparencyFactor@int=\count318
\c@g@acro@areaOfTriangle@int=\count319
Package translations Info: No language package found. I am going to use `englis
h' as default language. on input line 133.
LaTeX Font Info:    Trying to load font information for OT1+ptm on input line 1
33.

(C:\Mitex\tex/latex/psnfss\ot1ptm.fd
File: ot1ptm.fd 2001/06/04 font definitions for OT1/ptm.
)
(C:\Users\dell\Desktop\Latex Template for KEC Report\build\kec.aux

LaTeX Warning: Label `fig:my_label' multiply defined.


LaTeX Warning: Label `fig:my_label' multiply defined.


LaTeX Warning: Label `fig:my_label' multiply defined.


LaTeX Warning: Label `fig:my_label' multiply defined.


LaTeX Warning: Label `fig:my_label' multiply defined.


LaTeX Warning: Label `fig:my_label' multiply defined.


LaTeX Warning: Label `fig:my_label' multiply defined.

)
\openout1 = `kec.aux'.

LaTeX Font Info:    Checking defaults for OML/cmm/m/it on input line 133.
LaTeX Font Info:    ... okay on input line 133.
LaTeX Font Info:    Checking defaults for OMS/cmsy/m/n on input line 133.
LaTeX Font Info:    ... okay on input line 133.
LaTeX Font Info:    Checking defaults for OT1/cmr/m/n on input line 133.
LaTeX Font Info:    ... okay on input line 133.
LaTeX Font Info:    Checking defaults for T1/cmr/m/n on input line 133.
LaTeX Font Info:    ... okay on input line 133.
LaTeX Font Info:    Checking defaults for TS1/cmr/m/n on input line 133.
LaTeX Font Info:    ... okay on input line 133.
LaTeX Font Info:    Checking defaults for OMX/cmex/m/n on input line 133.
LaTeX Font Info:    ... okay on input line 133.
LaTeX Font Info:    Checking defaults for U/cmr/m/n on input line 133.
LaTeX Font Info:    ... okay on input line 133.
LaTeX Font Info:    Checking defaults for PD1/pdf/m/n on input line 133.
LaTeX Font Info:    ... okay on input line 133.
LaTeX Font Info:    Checking defaults for PU/pdf/m/n on input line 133.
LaTeX Font Info:    ... okay on input line 133.

*geometry* driver: auto-detecting
*geometry* detected driver: pdftex
*geometry* verbose mode - [ preamble ] result:
* driver: pdftex
* paper: a4paper
* layout: <same size as paper>
* layoutoffset:(h,v)=(0.0pt,0.0pt)
* modes: 
* h-part:(L,W,R)=(108.405pt, 416.83289pt, 72.26999pt)
* v-part:(T,H,B)=(72.26999pt, 700.50687pt, 72.26999pt)
* \paperwidth=597.50787pt
* \paperheight=845.04684pt
* \textwidth=416.83289pt
* \textheight=700.50687pt
* \oddsidemargin=36.13501pt
* \evensidemargin=36.13501pt
* \topmargin=-37.0pt
* \headheight=12.0pt
* \headsep=25.0pt
* \topskip=12.0pt
* \footskip=30.0pt
* \marginparwidth=35.0pt
* \marginparsep=10.0pt
* \columnsep=10.0pt
* \skip\footins=10.8pt plus 4.0pt minus 2.0pt
* \hoffset=0.0pt
* \voffset=0.0pt
* \mag=1000
* \@twocolumnfalse
* \@twosidefalse
* \@mparswitchfalse
* \@reversemarginfalse
* (1in=72.27pt=25.4mm, 1cm=28.453pt)

(C:\Mitex\tex/context/base/mkii\supp-pdf.mkii
[Loading MPS to PDF converter (version 2006.09.02).]
\scratchcounter=\count320
\scratchdimen=\dimen179
\scratchbox=\box58
\nofMPsegments=\count321
\nofMParguments=\count322
\everyMPshowfont=\toks28
\MPscratchCnt=\count323
\MPscratchDim=\dimen180
\MPnumerator=\count324
\makeMPintoPDFobject=\count325
\everyMPtoPDFconversion=\toks29
) (C:\Mitex\tex/latex/epstopdf-pkg\epstopdf-base.sty
Package: epstopdf-base 2020-01-24 v2.11 Base part for package epstopdf
Package epstopdf-base Info: Redefining graphics rule for `.eps' on input line 4
85.

(C:\Mitex\tex/latex/00miktex\epstopdf-sys.cfg
File: epstopdf-sys.cfg 2021/03/18 v2.0 Configuration of epstopdf for MiKTeX
))
Package caption Info: Begin \AtBeginDocument code.
Package caption Info: hyperref package is loaded.
Package caption Info: End \AtBeginDocument code.
Package hyperref Info: Link coloring OFF on input line 133.

(C:\Users\dell\Desktop\Latex Template for KEC Report\build\kec.out)
(C:\Users\dell\Desktop\Latex Template for KEC Report\build\kec.out)
\@outlinefile=\write3
\openout3 = `kec.out'.


(C:\Mitex\tex/latex/translations/dicts\translations-basic-dictionary-english.tr
sl
File: translations-basic-dictionary-english.trsl (english translation file `tra
nslations-basic-dictionary')
)
Package translations Info: loading dictionary `translations-basic-dictionary' f
or `english'. on input line 133.
<images/logo.png, id=150, 102.3825pt x 102.3825pt>
File: images/logo.png Graphic file (type png)
<use images/logo.png>
Package pdftex.def Info: images/logo.png  used on input line 135.
(pdftex.def)             Requested size: 71.1361pt x 71.1361pt.
 [1

{C:/Users/dell/AppData/Local/MiKTeX/fonts/map/pdftex/pdftex.map} <./images/logo
.png>]
pdfTeX warning (ext4): destination with the same identifier (name{page.1}) has 
been already used, duplicate ignored
<to be read again> 
                   \relax 
l.136 \KECtitlepage
                    % command defined in KECReportFormat [1] [1

]
LaTeX Font Info:    Trying to load font information for U+msa on input line 168
.

(C:\Mitex\tex/latex/amsfonts\umsa.fd
File: umsa.fd 2013/01/14 v3.01 AMS symbols A
)
LaTeX Font Info:    Trying to load font information for U+msb on input line 168
.
 (C:\Mitex\tex/latex/amsfonts\umsb.fd
File: umsb.fd 2013/01/14 v3.01 AMS symbols B
)
[2

] (C:\Users\dell\Desktop\Latex Template for KEC Report\build\kec.toc [3

])
\tf@toc=\write4
\openout4 = `kec.toc'.


[4] (C:\Users\dell\Desktop\Latex Template for KEC Report\build\kec.lof)
\tf@lof=\write5
\openout5 = `kec.lof'.


[5

] [6

]
Chapter 1.

pdfTeX warning (ext4): destination with the same identifier (name{page.1}) has 
been already used, duplicate ignored
<to be read again> 
                   \relax 
l.264 
       [1

] [2]
<images/Gantchart.png, id=260, 1246.6575pt x 710.655pt>
File: images/Gantchart.png Graphic file (type png)
<use images/Gantchart.png>
Package pdftex.def Info: images/Gantchart.png  used on input line 333.
(pdftex.def)             Requested size: 436.33667pt x 248.73297pt.

Overfull \hbox (19.50378pt too wide) in paragraph at lines 333--334
[][] 
 []

[3]
LaTeX Font Info:    Trying to load font information for TS1+ptm on input line 3
43.
 (C:\Mitex\tex/latex/psnfss\ts1ptm.fd
File: ts1ptm.fd 2001/06/04 font definitions for TS1/ptm.
) [4 <./images/Gantchart.png>] [5]
Chapter 2.

Underfull \hbox (badness 10000) in paragraph at lines 384--435

 []


Underfull \hbox (badness 10000) in paragraph at lines 384--435

 []

[6

] [7]
Chapter 3.
<images/block.jpg, id=283, 469.755pt x 280.04625pt>
File: images/block.jpg Graphic file (type jpg)
<use images/block.jpg>
Package pdftex.def Info: images/block.jpg  used on input line 446.
(pdftex.def)             Requested size: 328.82626pt x 196.03102pt.
[8

 <./images/block.jpg>] [9] [10]
<images/vips.jpg, id=309, 504.38437pt x 613.54219pt>
File: images/vips.jpg Graphic file (type jpg)
<use images/vips.jpg>
Package pdftex.def Info: images/vips.jpg  used on input line 510.
(pdftex.def)             Requested size: 353.06665pt x 429.47661pt.
 [11 <./images/vips.jpg>]
<images/vips1.jpg, id=322, 473.51906pt x 585.68813pt>
File: images/vips1.jpg Graphic file (type jpg)
<use images/vips1.jpg>
Package pdftex.def Info: images/vips1.jpg  used on input line 529.
(pdftex.def)             Requested size: 331.46106pt x 409.97888pt.
 [12 <./images/vips1.jpg>]
LaTeX Font Info:    Trying to load font information for OT1+pcr on input line 5
38.
 (C:\Mitex\tex/latex/psnfss\ot1pcr.fd
File: ot1pcr.fd 2001/06/04 font definitions for OT1/pcr.
)
Overfull \hbox (6.65533pt too wide) in paragraph at lines 539--540
\OT1/ptm/m/n/12 with [][]\OT1/pcr/m/n/12 %20 []\OT1/ptm/m/n/12 and join-ing the
 start-ing of the URL [][]\OT1/pcr/m/n/12 "https://exam.ioe.edu.np"
 []

[13] [14]
<images/usecase.png, id=347, 921.4425pt x 824.07875pt>
File: images/usecase.png Graphic file (type png)
<use images/usecase.png>
Package pdftex.def Info: images/usecase.png  used on input line 568.
(pdftex.def)             Requested size: 414.6453pt x 370.83202pt.
 [15 <./images/usecase.png>]
<images/dfd0.png, id=353, 808.01875pt x 654.445pt>
File: images/dfd0.png Graphic file (type png)
<use images/dfd0.png>
Package pdftex.def Info: images/dfd0.png  used on input line 575.
(pdftex.def)             Requested size: 404.00839pt x 327.2217pt.
 [16 <./images/dfd0.png>]
<images/DFD LEVEL1.png, id=359, 1307.88625pt x 875.27pt>
File: images/DFD LEVEL1.png Graphic file (type png)
<use images/DFD LEVEL1.png>
Package pdftex.def Info: images/DFD LEVEL1.png  used on input line 582.
(pdftex.def)             Requested size: 457.76704pt x 306.34909pt.

Overfull \hbox (40.93416pt too wide) in paragraph at lines 582--583
 [][] 
 []

<images/incremental.jpg, id=360, 722.7pt x 296.75868pt>
File: images/incremental.jpg Graphic file (type jpg)
<use images/incremental.jpg>
Package pdftex.def Info: images/incremental.jpg  used on input line 604.
(pdftex.def)             Requested size: 361.3491pt x 148.37897pt.

Underfull \hbox (badness 10000) in paragraph at lines 588--608

 []


LaTeX Warning: `h' float specifier changed to `ht'.

[17 <./images/DFD LEVEL1.png>] [18 <./images/incremental.jpg>]
Chapter 4.
[19

] [20]
Chapter 5.
[21

]
No file kec.bbl.
<pictures/1.png, id=383, 1927.2pt x 1084.05pt>
File: pictures/1.png Graphic file (type png)
<use pictures/1.png>
Package pdftex.def Info: pictures/1.png  used on input line 712.
(pdftex.def)             Requested size: 385.43318pt x 216.80615pt.
<pictures/2.png, id=384, 1927.2pt x 1084.05pt>
File: pictures/2.png Graphic file (type png)
<use pictures/2.png>
Package pdftex.def Info: pictures/2.png  used on input line 719.
(pdftex.def)             Requested size: 385.43318pt x 216.80615pt.
<pictures/3.png, id=385, 1927.2pt x 1084.05pt>
File: pictures/3.png Graphic file (type png)
<use pictures/3.png>
Package pdftex.def Info: pictures/3.png  used on input line 726.
(pdftex.def)             Requested size: 385.43318pt x 216.80615pt.

LaTeX Warning: `h' float specifier changed to `ht'.

<pictures/4.png, id=386, 1927.2pt x 1084.05pt>
File: pictures/4.png Graphic file (type png)
<use pictures/4.png>
Package pdftex.def Info: pictures/4.png  used on input line 733.
(pdftex.def)             Requested size: 385.43318pt x 216.80615pt.

LaTeX Warning: `h' float specifier changed to `ht'.

<pictures/5.png, id=387, 1927.2pt x 1084.05pt>
File: pictures/5.png Graphic file (type png)
<use pictures/5.png>
Package pdftex.def Info: pictures/5.png  used on input line 740.
(pdftex.def)             Requested size: 385.43318pt x 216.80615pt.

LaTeX Warning: `h' float specifier changed to `ht'.

[22

 <./pictures/1.png> <./pictures/2.png>]
<pictures/6.png, id=396, 1927.2pt x 1084.05pt>
File: pictures/6.png Graphic file (type png)
<use pictures/6.png>
Package pdftex.def Info: pictures/6.png  used on input line 747.
(pdftex.def)             Requested size: 385.43318pt x 216.80615pt.


LaTeX Warning: `h' float specifier changed to `ht'.

<pictures/7.png, id=397, 1927.2pt x 1084.05pt>
File: pictures/7.png Graphic file (type png)
<use pictures/7.png>
Package pdftex.def Info: pictures/7.png  used on input line 754.
(pdftex.def)             Requested size: 385.43318pt x 216.80615pt.

LaTeX Warning: `h' float specifier changed to `ht'.

<pictures/8.png, id=398, 1927.2pt x 1084.05pt>
File: pictures/8.png Graphic file (type png)
<use pictures/8.png>
Package pdftex.def Info: pictures/8.png  used on input line 762.
(pdftex.def)             Requested size: 385.43318pt x 216.80615pt.

LaTeX Warning: `h' float specifier changed to `ht'.

[23 <./pictures/3.png> <./pictures/4.png> <./pictures/5.png>] [24 <./pictures/6
.png> <./pictures/7.png> <./pictures/8.png>]
(C:\Users\dell\Desktop\Latex Template for KEC Report\build\kec.aux)

LaTeX Warning: There were multiply-defined labels.

Package rerunfilecheck Info: File `kec.out' has not changed.
(rerunfilecheck)             Checksum: 2B5AB6C7BB4D7298AA05E44CE2BC9E3A;5105.
 ) 
Here is how much of TeX's memory you used:
 17939 strings out of 475385
 364465 string characters out of 2793794
 676067 words of memory out of 3000000
 38973 multiletter control sequences out of 15000+600000
 495542 words of font info for 86 fonts, out of 8000000 for 9000
 1141 hyphenation exceptions out of 8191
 79i,8n,82p,1023b,619s stack positions out of 10000i,1000n,20000p,200000b,80000s
{C:/Mitex/fonts/enc/dvips/base/8r.enc}<C:/Mitex/fonts/type1/public/amsfonts/c
m/cmsy10.pfb><C:/Mitex/fonts/type1/urw/courier/ucrr8a.pfb><C:/Mitex/fonts/type1
/urw/times/utmb8a.pfb><C:/Mitex/fonts/type1/urw/times/utmbi8a.pfb><C:/Mitex/fon
ts/type1/urw/times/utmr8a.pfb><C:/Mitex/fonts/type1/urw/times/utmri8a.pfb>
Output written on "C:\Users\dell\Desktop\Latex Template for KEC Report\build\ke
c.pdf" (32 pages, 2099651 bytes).
PDF statistics:
 472 PDF objects out of 1000 (max. 8388607)
 123 named destinations out of 1000 (max. 500000)
 382 words of extra memory for PDF output out of 10000 (max. 10000000)

