\BOOKMARK [0][-]{chapter*.2}{\376\377\000C\000o\000p\000y\000r\000i\000g\000h\000t}{}% 1
\BOOKMARK [0][-]{chapter*.3}{\376\377\000A\000p\000p\000r\000o\000v\000a\000l\000\040\000L\000e\000t\000t\000e\000r}{}% 2
\BOOKMARK [0][-]{chapter*.4}{\376\377\000A\000b\000s\000t\000r\000a\000c\000t}{}% 3
\BOOKMARK [0][-]{chapter*.5}{\376\377\000A\000c\000k\000n\000o\000w\000l\000e\000d\000g\000m\000e\000n\000t}{}% 4
\BOOKMARK [0][-]{chapter*.9}{\376\377\000L\000i\000s\000t\000\040\000o\000f\000\040\000A\000b\000b\000r\000e\000v\000i\000a\000t\000i\000o\000n\000s}{}% 5
\BOOKMARK [0][-]{chapter*.11}{\376\377\000L\000i\000s\000t\000\040\000o\000f\000\040\000S\000y\000m\000b\000o\000l\000s}{}% 6
\BOOKMARK [0][-]{chapter.1}{\376\377\000I\000n\000t\000r\000o\000d\000u\000c\000t\000i\000o\000n}{}% 7
\BOOKMARK [1][-]{section.1.1}{\376\377\000B\000a\000c\000k\000g\000r\000o\000u\000n\000d}{chapter.1}% 8
\BOOKMARK [2][-]{subsection.1.1.1}{\376\377\000R\000e\000f\000e\000r\000r\000i\000n\000g\000\040\000S\000e\000c\000t\000i\000o\000n}{section.1.1}% 9
\BOOKMARK [0][-]{chapter.2}{\376\377\000F\000i\000g\000u\000r\000e\000s\000\040\000a\000n\000d\000\040\000T\000a\000b\000l\000e\000s}{}% 10
\BOOKMARK [1][-]{section.2.1}{\376\377\000S\000e\000c\000t\000i\000o\000n\000\040\000f\000o\000r\000\040\000S\000a\000m\000p\000l\000e\000\040\000F\000i\000g\000u\000r\000e}{chapter.2}% 11
\BOOKMARK [2][-]{subsection.2.1.1}{\376\377\000R\000e\000f\000e\000r\000r\000i\000n\000g\000\040\000F\000i\000g\000u\000r\000e}{section.2.1}% 12
\BOOKMARK [1][-]{section.2.2}{\376\377\000S\000e\000c\000t\000i\000o\000n\000\040\000f\000o\000r\000\040\000S\000a\000m\000p\000l\000e\000\040\000T\000a\000b\000l\000e}{chapter.2}% 13
\BOOKMARK [2][-]{subsection.2.2.1}{\376\377\000R\000e\000f\000e\000r\000r\000i\000n\000g\000\040\000T\000a\000b\000l\000e}{section.2.2}% 14
\BOOKMARK [1][-]{section.2.3}{\376\377\000C\000o\000m\000p\000l\000e\000x\000\040\000T\000a\000b\000l\000e\000\040\000f\000r\000o\000m\000\040\000E\000x\000c\000e\000l}{chapter.2}% 15
\BOOKMARK [0][-]{chapter.3}{\376\377\000E\000q\000u\000a\000t\000i\000o\000n\000s}{}% 16
\BOOKMARK [1][-]{section.3.1}{\376\377\000B\000a\000s\000i\000c\000s\000\040\000o\000f\000\040\000E\000q\000u\000a\000t\000i\000o\000n\000s}{chapter.3}% 17
\BOOKMARK [1][-]{section.3.2}{\376\377\000R\000e\000f\000e\000r\000e\000n\000c\000i\000n\000g\000\040\000t\000h\000e\000\040\000E\000q\000u\000a\000t\000i\000o\000n}{chapter.3}% 18
\BOOKMARK [0][-]{chapter.4}{\376\377\000L\000i\000s\000t\000i\000n\000g\000\040\000E\000x\000a\000m\000p\000l\000e\000s}{}% 19
\BOOKMARK [1][-]{section.4.1}{\376\377\000T\000h\000e\000\040\000S\000u\000b\000s\000e\000c\000t\000i\000o\000n\000s}{chapter.4}% 20
\BOOKMARK [0][-]{chapter.5}{\376\377\000E\000x\000a\000m\000p\000l\000e\000\040\000a\000b\000b\000r\000\040\000a\000n\000d\000\040\000s\000y\000m\000b\000o\000l\000s}{}% 21
\BOOKMARK [1][-]{section.5.1}{\376\377\000A\000b\000b\000r}{chapter.5}% 22
\BOOKMARK [1][-]{section.5.2}{\376\377\000S\000y\000m\000b\000o\000l\000s}{chapter.5}% 23
\BOOKMARK [0][-]{chapter.6}{\376\377\000C\000i\000t\000a\000t\000i\000o\000n\000\040\000E\000x\000a\000m\000p\000l\000e}{}% 24
\BOOKMARK [1][-]{section.6.1}{\376\377\000C\000i\000t\000a\000t\000i\000o\000n\000\040\000a\000n\000d\000\040\000c\000o\000m\000p\000i\000l\000i\000n\000g\000\040\000b\000i\000b\000\040\000f\000i\000l\000e}{chapter.6}% 25
\BOOKMARK [0][-]{Item.25}{\376\377\000R\000e\000f\000e\000r\000e\000n\000c\000e\000s}{}% 26
\BOOKMARK [0][-]{chapter*.16}{\376\377\000A\000p\000p\000e\000n\000d\000i\000x}{}% 27
